<?xml version="1.0" encoding="UTF-8" ?>
<testsuite tests="11" failures="0" name="StringHelperTest" time="0.004" errors="0" skipped="0">
  <properties>
[...]
</properties>
  <testcase classname="StringHelperTest" name="testTruncateAInFirst2Positions_test_numbers" time="0.004"/>
  <testcase classname="StringHelperTest" name="testAreFirstAndLastTwoCharactersTheSame_1char" time="0"/>
  <testcase classname="StringHelperTest" name="testTruncateAInFirst2Positions_xA" time="0"/>
  <testcase classname="StringHelperTest" name="testTruncateAInFirst2Positions_test_A" time="0"/>
  <testcase classname="StringHelperTest" name="testTruncateAInFirst2Positions_test_AAbcd" time="0"/>
  <testcase classname="StringHelperTest" name="testTruncateAInFirst2Positions_test" time="0"/>
  <testcase classname="StringHelperTest" name="testAreFirstAndLastTwoCharactersTheSame_ABcdeAB" time="0"/>
  <testcase classname="StringHelperTest" name="testAreFirstAndLastTwoCharactersTheSame_2chars" time="0"/>
  <testcase classname="StringHelperTest" name="testTruncateAInFirst2Positions_test_AA" time="0"/>
  <testcase classname="StringHelperTest" name="testAreFirstAndLastTwoCharactersTheSame_xdaaaaxd" time="0"/>
  <testcase classname="StringHelperTest" name="testAreFirstAndLastTwoCharactersTheSame_xDakjsdhkjsaxd" time="0"/>
</testsuite>